11-12-2023 09:56:48.087 2233 [main] INFO  c.s.s.impl.PersonsServiceImplTest - Starting PersonsServiceImplTest using Java 19.0.2 with PID 10376 (started by hp in C:\Users\hp\IdeaProjects\SafetyNet)
11-12-2023 09:56:48.094 2240 [main] INFO  c.s.s.impl.PersonsServiceImplTest - No active profile set, falling back to 1 default profile: "default"
11-12-2023 09:56:48.202 2348 [main] DEBUG o.s.w.c.s.GenericWebApplicationContext - Refreshing org.springframework.web.context.support.GenericWebApplicationContext@282308c3
11-12-2023 09:56:49.893 4039 [main] INFO  o.s.d.r.c.RepositoryConfigurationDelegate - Bootstrapping Spring Data JPA repositories in DEFAULT mode.
11-12-2023 09:56:50.036 4182 [main] INFO  o.s.d.r.c.RepositoryConfigurationDelegate - Finished Spring Data repository scanning in 124 ms. Found 6 JPA repository interfaces.
11-12-2023 09:56:51.264 5410 [main] INFO  o.h.jpa.internal.util.LogHelper - HHH000204: Processing PersistenceUnitInfo [name: default]
11-12-2023 09:56:51.429 5575 [main] INFO  org.hibernate.Version - HHH000412: Hibernate ORM core version 6.2.13.Final
11-12-2023 09:56:51.437 5583 [main] INFO  org.hibernate.cfg.Environment - HHH000406: Using bytecode reflection optimizer
11-12-2023 09:56:52.296 6442 [main] INFO  o.s.o.j.p.SpringPersistenceUnitInfo - No LoadTimeWeaver setup: ignoring JPA class transformer
11-12-2023 09:56:52.372 6518 [main] INFO  com.zaxxer.hikari.HikariDataSource - HikariPool-1 - Starting...
11-12-2023 09:56:53.178 7324 [main] INFO  com.zaxxer.hikari.pool.HikariPool - HikariPool-1 - Added connection com.mysql.cj.jdbc.ConnectionImpl@5a1a20ae
11-12-2023 09:56:53.184 7330 [main] INFO  com.zaxxer.hikari.HikariDataSource - HikariPool-1 - Start completed.
11-12-2023 09:56:53.321 7467 [main] WARN  org.hibernate.orm.deprecation - HHH90000025: MySQL57Dialect does not need to be specified explicitly using 'hibernate.dialect' (remove the property setting and it will be selected by default)
11-12-2023 09:56:53.324 7470 [main] WARN  org.hibernate.orm.deprecation - HHH90000026: MySQL57Dialect has been deprecated; use org.hibernate.dialect.MySQLDialect instead
11-12-2023 09:56:55.390 9536 [main] INFO  o.h.e.t.j.p.i.JtaPlatformInitiator - HHH000489: No JTA platform available (set 'hibernate.transaction.jta.platform' to enable JTA platform integration)
11-12-2023 09:56:55.622 9768 [main] INFO  o.s.o.j.LocalContainerEntityManagerFactoryBean - Initialized JPA EntityManagerFactory for persistence unit 'default'
11-12-2023 09:56:56.476 10622 [main] INFO  o.s.d.j.r.q.QueryEnhancerFactory - Hibernate is in classpath; If applicable, HQL parser will be used.
11-12-2023 09:56:57.851 11997 [main] WARN  o.s.b.a.o.j.JpaBaseConfiguration$JpaWebConfiguration - spring.jpa.open-in-view is enabled by default. Therefore, database queries may be performed during view rendering. Explicitly configure spring.jpa.open-in-view to disable this warning
11-12-2023 09:56:58.442 12588 [main] DEBUG o.s.w.s.m.m.a.RequestMappingHandlerAdapter - ControllerAdvice beans: 0 @ModelAttribute, 0 @InitBinder, 1 RequestBodyAdvice, 1 ResponseBodyAdvice
11-12-2023 09:56:58.656 12802 [main] DEBUG o.s.w.s.m.m.a.RequestMappingHandlerMapping - 19 mappings in 'requestMappingHandlerMapping'
11-12-2023 09:56:58.711 12857 [main] DEBUG o.s.w.s.h.SimpleUrlHandlerMapping - Patterns [/webjars/**, /**, /swagger-ui*/*swagger-initializer.js, /swagger-ui*/**] in 'resourceHandlerMapping'
11-12-2023 09:56:58.729 12875 [main] DEBUG o.s.w.s.m.m.a.ExceptionHandlerExceptionResolver - ControllerAdvice beans: 2 @ExceptionHandler, 1 ResponseBodyAdvice
11-12-2023 09:56:58.831 12977 [main] DEBUG o.s.w.s.m.m.a.ExceptionHandlerExceptionResolver - ControllerAdvice beans: 2 @ExceptionHandler, 0 ResponseBodyAdvice
11-12-2023 09:56:59.478 13624 [main] INFO  c.s.s.impl.PersonsServiceImplTest - Started PersonsServiceImplTest in 12.441 seconds (process running for 15.316)
11-12-2023 09:57:00.705 14851 [SpringApplicationShutdownHook] DEBUG o.s.w.c.s.GenericWebApplicationContext - Closing org.springframework.web.context.support.GenericWebApplicationContext@282308c3, started on Mon Dec 11 09:56:48 CET 2023
11-12-2023 09:57:00.718 14864 [SpringApplicationShutdownHook] INFO  o.s.o.j.LocalContainerEntityManagerFactoryBean - Closing JPA EntityManagerFactory for persistence unit 'default'
11-12-2023 09:57:00.724 14870 [SpringApplicationShutdownHook] INFO  com.zaxxer.hikari.HikariDataSource - HikariPool-1 - Shutdown initiated...
11-12-2023 09:57:00.782 14928 [SpringApplicationShutdownHook] INFO  com.zaxxer.hikari.HikariDataSource - HikariPool-1 - Shutdown completed.
11-12-2023 17:23:49.634 875  [main] INFO  com.safety.SafetyNet - Starting SafetyNet using Java 19.0.2 with PID 11880 (C:\Users\hp\IdeaProjects\SafetyNet\target\classes started by hp in C:\Users\hp\IdeaProjects\SafetyNet)
11-12-2023 17:23:49.637 878  [main] INFO  com.safety.SafetyNet - No active profile set, falling back to 1 default profile: "default"
11-12-2023 17:23:50.683 1924 [main] INFO  o.s.d.r.c.RepositoryConfigurationDelegate - Bootstrapping Spring Data JPA repositories in DEFAULT mode.
11-12-2023 17:23:50.768 2009 [main] INFO  o.s.d.r.c.RepositoryConfigurationDelegate - Finished Spring Data repository scanning in 75 ms. Found 6 JPA repository interfaces.
11-12-2023 17:23:51.472 2713 [main] INFO  o.s.b.w.e.tomcat.TomcatWebServer - Tomcat initialized with port(s): 81 (http)
11-12-2023 17:23:51.482 2723 [main] INFO  o.a.coyote.http11.Http11NioProtocol - Initializing ProtocolHandler ["http-nio-81"]
11-12-2023 17:23:51.486 2727 [main] INFO  o.a.catalina.core.StandardService - Starting service [Tomcat]
11-12-2023 17:23:51.486 2727 [main] INFO  o.a.catalina.core.StandardEngine - Starting Servlet engine: [Apache Tomcat/10.1.15]
11-12-2023 17:23:51.582 2823 [main] INFO  o.a.c.c.C.[Tomcat].[localhost].[/] - Initializing Spring embedded WebApplicationContext
11-12-2023 17:23:51.583 2824 [main] INFO  o.s.b.w.s.c.ServletWebServerApplicationContext - Root WebApplicationContext: initialization completed in 1838 ms
11-12-2023 17:23:51.782 3023 [main] INFO  o.h.jpa.internal.util.LogHelper - HHH000204: Processing PersistenceUnitInfo [name: default]
11-12-2023 17:23:51.859 3100 [main] INFO  org.hibernate.Version - HHH000412: Hibernate ORM core version 6.2.13.Final
11-12-2023 17:23:51.861 3102 [main] INFO  org.hibernate.cfg.Environment - HHH000406: Using bytecode reflection optimizer
11-12-2023 17:23:52.164 3405 [main] INFO  o.s.o.j.p.SpringPersistenceUnitInfo - No LoadTimeWeaver setup: ignoring JPA class transformer
11-12-2023 17:23:52.194 3435 [main] INFO  com.zaxxer.hikari.HikariDataSource - HikariPool-1 - Starting...
11-12-2023 17:23:52.594 3835 [main] INFO  com.zaxxer.hikari.pool.HikariPool - HikariPool-1 - Added connection com.mysql.cj.jdbc.ConnectionImpl@7c8f047a
11-12-2023 17:23:52.596 3837 [main] INFO  com.zaxxer.hikari.HikariDataSource - HikariPool-1 - Start completed.
11-12-2023 17:23:52.670 3911 [main] WARN  org.hibernate.orm.deprecation - HHH90000025: MySQL57Dialect does not need to be specified explicitly using 'hibernate.dialect' (remove the property setting and it will be selected by default)
11-12-2023 17:23:52.671 3912 [main] WARN  org.hibernate.orm.deprecation - HHH90000026: MySQL57Dialect has been deprecated; use org.hibernate.dialect.MySQLDialect instead
11-12-2023 17:23:53.636 4877 [main] INFO  o.h.e.t.j.p.i.JtaPlatformInitiator - HHH000489: No JTA platform available (set 'hibernate.transaction.jta.platform' to enable JTA platform integration)
11-12-2023 17:23:53.808 5049 [main] INFO  o.s.o.j.LocalContainerEntityManagerFactoryBean - Initialized JPA EntityManagerFactory for persistence unit 'default'
11-12-2023 17:23:54.282 5523 [main] INFO  o.s.d.j.r.q.QueryEnhancerFactory - Hibernate is in classpath; If applicable, HQL parser will be used.
11-12-2023 17:23:54.866 6107 [main] WARN  o.s.b.a.o.j.JpaBaseConfiguration$JpaWebConfiguration - spring.jpa.open-in-view is enabled by default. Therefore, database queries may be performed during view rendering. Explicitly configure spring.jpa.open-in-view to disable this warning
11-12-2023 17:23:55.087 6328 [main] DEBUG o.s.w.s.m.m.a.RequestMappingHandlerAdapter - ControllerAdvice beans: 0 @ModelAttribute, 0 @InitBinder, 1 RequestBodyAdvice, 1 ResponseBodyAdvice
11-12-2023 17:23:55.183 6424 [main] DEBUG o.s.w.s.m.m.a.RequestMappingHandlerMapping - 19 mappings in 'requestMappingHandlerMapping'
11-12-2023 17:23:55.205 6446 [main] DEBUG o.s.w.s.h.SimpleUrlHandlerMapping - Patterns [/webjars/**, /**, /swagger-ui*/*swagger-initializer.js, /swagger-ui*/**] in 'resourceHandlerMapping'
11-12-2023 17:23:55.212 6453 [main] DEBUG o.s.w.s.m.m.a.ExceptionHandlerExceptionResolver - ControllerAdvice beans: 2 @ExceptionHandler, 1 ResponseBodyAdvice
11-12-2023 17:23:55.244 6485 [main] DEBUG o.s.w.s.m.m.a.ExceptionHandlerExceptionResolver - ControllerAdvice beans: 2 @ExceptionHandler, 0 ResponseBodyAdvice
11-12-2023 17:23:55.507 6748 [main] INFO  o.a.coyote.http11.Http11NioProtocol - Starting ProtocolHandler ["http-nio-81"]
11-12-2023 17:23:55.530 6771 [main] INFO  o.s.b.w.e.tomcat.TomcatWebServer - Tomcat started on port(s): 81 (http) with context path ''
11-12-2023 17:23:55.537 6778 [main] INFO  com.safety.SafetyNet - Started SafetyNet in 6.542 seconds (process running for 7.069)
11-12-2023 17:24:25.843 37084 [http-nio-81-exec-1] INFO  o.a.c.c.C.[Tomcat].[localhost].[/] - Initializing Spring DispatcherServlet 'dispatcherServlet'
11-12-2023 17:24:25.843 37084 [http-nio-81-exec-1] INFO  o.s.web.servlet.DispatcherServlet - Initializing Servlet 'dispatcherServlet'
11-12-2023 17:24:25.844 37085 [http-nio-81-exec-1] DEBUG o.s.web.servlet.DispatcherServlet - Detected StandardServletMultipartResolver
11-12-2023 17:24:25.844 37085 [http-nio-81-exec-1] DEBUG o.s.web.servlet.DispatcherServlet - Detected AcceptHeaderLocaleResolver
11-12-2023 17:24:25.844 37085 [http-nio-81-exec-1] DEBUG o.s.web.servlet.DispatcherServlet - Detected FixedThemeResolver
11-12-2023 17:24:25.845 37086 [http-nio-81-exec-1] DEBUG o.s.web.servlet.DispatcherServlet - Detected org.springframework.web.servlet.view.DefaultRequestToViewNameTranslator@1bce19db
11-12-2023 17:24:25.846 37087 [http-nio-81-exec-1] DEBUG o.s.web.servlet.DispatcherServlet - Detected org.springframework.web.servlet.support.SessionFlashMapManager@3cdafb82
11-12-2023 17:24:25.846 37087 [http-nio-81-exec-1] DEBUG o.s.web.servlet.DispatcherServlet - enableLoggingRequestDetails='false': request parameters and headers will be masked to prevent unsafe logging of potentially sensitive data
11-12-2023 17:24:25.846 37087 [http-nio-81-exec-1] INFO  o.s.web.servlet.DispatcherServlet - Completed initialization in 3 ms
11-12-2023 17:24:25.857 37098 [http-nio-81-exec-1] DEBUG o.s.web.servlet.DispatcherServlet - GET "/swagger-ui/index.html", parameters={}
11-12-2023 17:24:25.883 37124 [http-nio-81-exec-1] DEBUG o.s.w.s.h.SimpleUrlHandlerMapping - Mapped to ResourceHttpRequestHandler [classpath [META-INF/resources/webjars/]]
11-12-2023 17:24:25.903 37144 [http-nio-81-exec-1] DEBUG o.s.web.servlet.DispatcherServlet - Completed 304 NOT_MODIFIED
11-12-2023 17:24:25.912 37153 [http-nio-81-exec-2] DEBUG o.s.web.servlet.DispatcherServlet - GET "/swagger-ui/swagger-ui.css", parameters={}
11-12-2023 17:24:25.912 37153 [http-nio-81-exec-6] DEBUG o.s.web.servlet.DispatcherServlet - GET "/swagger-ui/swagger-ui-bundle.js", parameters={}
11-12-2023 17:24:25.912 37153 [http-nio-81-exec-3] DEBUG o.s.web.servlet.DispatcherServlet - GET "/swagger-ui/index.css", parameters={}
11-12-2023 17:24:25.914 37155 [http-nio-81-exec-3] DEBUG o.s.w.s.h.SimpleUrlHandlerMapping - Mapped to ResourceHttpRequestHandler [classpath [META-INF/resources/webjars/]]
11-12-2023 17:24:25.914 37155 [http-nio-81-exec-2] DEBUG o.s.w.s.h.SimpleUrlHandlerMapping - Mapped to ResourceHttpRequestHandler [classpath [META-INF/resources/webjars/]]
11-12-2023 17:24:25.914 37155 [http-nio-81-exec-6] DEBUG o.s.w.s.h.SimpleUrlHandlerMapping - Mapped to ResourceHttpRequestHandler [classpath [META-INF/resources/webjars/]]
11-12-2023 17:24:25.915 37156 [http-nio-81-exec-6] DEBUG o.s.web.servlet.DispatcherServlet - Completed 304 NOT_MODIFIED
11-12-2023 17:24:25.915 37156 [http-nio-81-exec-3] DEBUG o.s.web.servlet.DispatcherServlet - Completed 304 NOT_MODIFIED
11-12-2023 17:24:25.917 37158 [http-nio-81-exec-2] DEBUG o.s.web.servlet.DispatcherServlet - Completed 304 NOT_MODIFIED
11-12-2023 17:24:25.926 37167 [http-nio-81-exec-5] DEBUG o.s.web.servlet.DispatcherServlet - GET "/swagger-ui/swagger-ui-standalone-preset.js", parameters={}
11-12-2023 17:24:25.926 37167 [http-nio-81-exec-4] DEBUG o.s.web.servlet.DispatcherServlet - GET "/swagger-ui/swagger-initializer.js", parameters={}
11-12-2023 17:24:25.929 37170 [http-nio-81-exec-4] DEBUG o.s.w.s.h.SimpleUrlHandlerMapping - Mapped to ResourceHttpRequestHandler [classpath [META-INF/resources/webjars/]]
11-12-2023 17:24:25.929 37170 [http-nio-81-exec-5] DEBUG o.s.w.s.h.SimpleUrlHandlerMapping - Mapped to ResourceHttpRequestHandler [classpath [META-INF/resources/webjars/]]
11-12-2023 17:24:25.932 37173 [http-nio-81-exec-5] DEBUG o.s.web.servlet.DispatcherServlet - Completed 304 NOT_MODIFIED
11-12-2023 17:24:25.957 37198 [http-nio-81-exec-4] DEBUG o.s.web.servlet.DispatcherServlet - Completed 200 OK
11-12-2023 17:24:26.359 37600 [http-nio-81-exec-7] DEBUG o.s.web.servlet.DispatcherServlet - GET "/api-docs/swagger-config", parameters={}
11-12-2023 17:24:26.360 37601 [http-nio-81-exec-7] DEBUG o.s.w.s.m.m.a.RequestMappingHandlerMapping - Mapped to org.springdoc.webmvc.ui.SwaggerConfigResource#openapiJson(HttpServletRequest)
11-12-2023 17:24:26.371 37612 [http-nio-81-exec-7] DEBUG o.s.w.s.m.m.a.RequestResponseBodyMethodProcessor - Using 'application/json', given [*/*] and supported [application/json]
11-12-2023 17:24:26.373 37614 [http-nio-81-exec-7] DEBUG o.s.w.s.m.m.a.RequestResponseBodyMethodProcessor - Writing [{configUrl=/api-docs/swagger-config, oauth2RedirectUrl=http://localhost:81/swagger-ui/oauth2-redirec (truncated)...]
11-12-2023 17:24:26.379 37620 [http-nio-81-exec-7] DEBUG o.s.web.servlet.DispatcherServlet - Completed 200 OK
11-12-2023 17:24:26.404 37645 [http-nio-81-exec-8] DEBUG o.s.web.servlet.DispatcherServlet - GET "/api-docs", parameters={}
11-12-2023 17:24:26.405 37646 [http-nio-81-exec-8] DEBUG o.s.w.s.m.m.a.RequestMappingHandlerMapping - Mapped to org.springdoc.webmvc.api.OpenApiWebMvcResource#openapiJson(HttpServletRequest, String, Locale)
11-12-2023 17:24:26.869 38110 [http-nio-81-exec-8] INFO  o.s.api.AbstractOpenApiResource - Init duration for springdoc-openapi is: 453 ms
11-12-2023 17:24:26.903 38144 [http-nio-81-exec-8] DEBUG o.s.w.s.m.m.a.RequestResponseBodyMethodProcessor - Using 'application/json', given [application/json, */*] and supported [application/json]
11-12-2023 17:24:26.905 38146 [http-nio-81-exec-8] DEBUG o.s.w.s.m.m.a.RequestResponseBodyMethodProcessor - Writing [{123, 34, 111, 112, 101, 110, 97, 112, 105, 34, 58, 34, 51, 46, 48, 46, 49, 34, 44, 34, 105, 110, 10 (truncated)...]
11-12-2023 17:24:26.906 38147 [http-nio-81-exec-8] DEBUG o.s.web.servlet.DispatcherServlet - Completed 200 OK
11-12-2023 18:41:09.417 4640658 [SpringApplicationShutdownHook] INFO  o.s.o.j.LocalContainerEntityManagerFactoryBean - Closing JPA EntityManagerFactory for persistence unit 'default'
11-12-2023 18:41:09.456 4640697 [SpringApplicationShutdownHook] INFO  com.zaxxer.hikari.HikariDataSource - HikariPool-1 - Shutdown initiated...
11-12-2023 18:41:09.464 4640705 [SpringApplicationShutdownHook] INFO  com.zaxxer.hikari.HikariDataSource - HikariPool-1 - Shutdown completed.
11-12-2023 19:26:22.077 856  [main] INFO  com.safety.SafetyNet - Starting SafetyNet using Java 19.0.2 with PID 7232 (C:\Users\hp\IdeaProjects\SafetyNet\target\classes started by hp in C:\Users\hp\IdeaProjects\SafetyNet)
11-12-2023 19:26:22.080 859  [main] INFO  com.safety.SafetyNet - No active profile set, falling back to 1 default profile: "default"
11-12-2023 19:26:23.037 1816 [main] INFO  o.s.d.r.c.RepositoryConfigurationDelegate - Bootstrapping Spring Data JPA repositories in DEFAULT mode.
11-12-2023 19:26:23.103 1882 [main] INFO  o.s.d.r.c.RepositoryConfigurationDelegate - Finished Spring Data repository scanning in 56 ms. Found 6 JPA repository interfaces.
11-12-2023 19:26:23.763 2542 [main] INFO  o.s.b.w.e.tomcat.TomcatWebServer - Tomcat initialized with port(s): 81 (http)
11-12-2023 19:26:23.771 2550 [main] INFO  o.a.coyote.http11.Http11NioProtocol - Initializing ProtocolHandler ["http-nio-81"]
11-12-2023 19:26:23.773 2552 [main] INFO  o.a.catalina.core.StandardService - Starting service [Tomcat]
11-12-2023 19:26:23.774 2553 [main] INFO  o.a.catalina.core.StandardEngine - Starting Servlet engine: [Apache Tomcat/10.1.15]
11-12-2023 19:26:23.862 2641 [main] INFO  o.a.c.c.C.[Tomcat].[localhost].[/] - Initializing Spring embedded WebApplicationContext
11-12-2023 19:26:23.864 2643 [main] INFO  o.s.b.w.s.c.ServletWebServerApplicationContext - Root WebApplicationContext: initialization completed in 1696 ms
11-12-2023 19:26:24.027 2806 [main] INFO  o.h.jpa.internal.util.LogHelper - HHH000204: Processing PersistenceUnitInfo [name: default]
11-12-2023 19:26:24.089 2868 [main] INFO  org.hibernate.Version - HHH000412: Hibernate ORM core version 6.2.13.Final
11-12-2023 19:26:24.091 2870 [main] INFO  org.hibernate.cfg.Environment - HHH000406: Using bytecode reflection optimizer
11-12-2023 19:26:24.353 3132 [main] INFO  o.s.o.j.p.SpringPersistenceUnitInfo - No LoadTimeWeaver setup: ignoring JPA class transformer
11-12-2023 19:26:24.378 3157 [main] INFO  com.zaxxer.hikari.HikariDataSource - HikariPool-1 - Starting...
11-12-2023 19:26:24.733 3512 [main] INFO  com.zaxxer.hikari.pool.HikariPool - HikariPool-1 - Added connection com.mysql.cj.jdbc.ConnectionImpl@2b99c937
11-12-2023 19:26:24.735 3514 [main] INFO  com.zaxxer.hikari.HikariDataSource - HikariPool-1 - Start completed.
11-12-2023 19:26:24.772 3551 [main] WARN  org.hibernate.orm.deprecation - HHH90000025: MySQL57Dialect does not need to be specified explicitly using 'hibernate.dialect' (remove the property setting and it will be selected by default)
11-12-2023 19:26:24.773 3552 [main] WARN  org.hibernate.orm.deprecation - HHH90000026: MySQL57Dialect has been deprecated; use org.hibernate.dialect.MySQLDialect instead
11-12-2023 19:26:25.602 4381 [main] INFO  o.h.e.t.j.p.i.JtaPlatformInitiator - HHH000489: No JTA platform available (set 'hibernate.transaction.jta.platform' to enable JTA platform integration)
11-12-2023 19:26:25.703 4482 [main] INFO  o.s.o.j.LocalContainerEntityManagerFactoryBean - Initialized JPA EntityManagerFactory for persistence unit 'default'
11-12-2023 19:26:25.998 4777 [main] INFO  o.s.d.j.r.q.QueryEnhancerFactory - Hibernate is in classpath; If applicable, HQL parser will be used.
11-12-2023 19:26:26.426 5205 [main] WARN  o.s.b.a.o.j.JpaBaseConfiguration$JpaWebConfiguration - spring.jpa.open-in-view is enabled by default. Therefore, database queries may be performed during view rendering. Explicitly configure spring.jpa.open-in-view to disable this warning
11-12-2023 19:26:26.749 5528 [main] DEBUG o.s.w.s.m.m.a.RequestMappingHandlerAdapter - ControllerAdvice beans: 0 @ModelAttribute, 0 @InitBinder, 1 RequestBodyAdvice, 1 ResponseBodyAdvice
11-12-2023 19:26:26.855 5634 [main] DEBUG o.s.w.s.m.m.a.RequestMappingHandlerMapping - 22 mappings in 'requestMappingHandlerMapping'
11-12-2023 19:26:26.887 5666 [main] DEBUG o.s.w.s.h.SimpleUrlHandlerMapping - Patterns [/webjars/**, /**, /swagger-ui*/*swagger-initializer.js, /swagger-ui*/**] in 'resourceHandlerMapping'
11-12-2023 19:26:26.902 5681 [main] DEBUG o.s.w.s.m.m.a.ExceptionHandlerExceptionResolver - ControllerAdvice beans: 2 @ExceptionHandler, 1 ResponseBodyAdvice
11-12-2023 19:26:26.949 5728 [main] DEBUG o.s.w.s.m.m.a.ExceptionHandlerExceptionResolver - ControllerAdvice beans: 2 @ExceptionHandler, 0 ResponseBodyAdvice
11-12-2023 19:26:27.199 5978 [main] INFO  o.a.coyote.http11.Http11NioProtocol - Starting ProtocolHandler ["http-nio-81"]
11-12-2023 19:26:27.217 5996 [main] INFO  o.s.b.w.e.tomcat.TomcatWebServer - Tomcat started on port(s): 81 (http) with context path ''
11-12-2023 19:26:27.226 6005 [main] INFO  com.safety.SafetyNet - Started SafetyNet in 5.748 seconds (process running for 6.365)
11-12-2023 19:26:45.991 24770 [http-nio-81-exec-1] INFO  o.a.c.c.C.[Tomcat].[localhost].[/] - Initializing Spring DispatcherServlet 'dispatcherServlet'
11-12-2023 19:26:45.992 24771 [http-nio-81-exec-1] INFO  o.s.web.servlet.DispatcherServlet - Initializing Servlet 'dispatcherServlet'
11-12-2023 19:26:45.992 24771 [http-nio-81-exec-1] DEBUG o.s.web.servlet.DispatcherServlet - Detected StandardServletMultipartResolver
11-12-2023 19:26:45.992 24771 [http-nio-81-exec-1] DEBUG o.s.web.servlet.DispatcherServlet - Detected AcceptHeaderLocaleResolver
11-12-2023 19:26:45.992 24771 [http-nio-81-exec-1] DEBUG o.s.web.servlet.DispatcherServlet - Detected FixedThemeResolver
11-12-2023 19:26:45.993 24772 [http-nio-81-exec-1] DEBUG o.s.web.servlet.DispatcherServlet - Detected org.springframework.web.servlet.view.DefaultRequestToViewNameTranslator@33fefbbe
11-12-2023 19:26:45.994 24773 [http-nio-81-exec-1] DEBUG o.s.web.servlet.DispatcherServlet - Detected org.springframework.web.servlet.support.SessionFlashMapManager@1484cb57
11-12-2023 19:26:45.994 24773 [http-nio-81-exec-1] DEBUG o.s.web.servlet.DispatcherServlet - enableLoggingRequestDetails='false': request parameters and headers will be masked to prevent unsafe logging of potentially sensitive data
11-12-2023 19:26:45.994 24773 [http-nio-81-exec-1] INFO  o.s.web.servlet.DispatcherServlet - Completed initialization in 2 ms
11-12-2023 19:26:46.006 24785 [http-nio-81-exec-1] DEBUG o.s.web.servlet.DispatcherServlet - GET "/swagger-ui/swagger-initializer.js", parameters={}
11-12-2023 19:26:46.023 24802 [http-nio-81-exec-1] DEBUG o.s.w.s.h.SimpleUrlHandlerMapping - Mapped to ResourceHttpRequestHandler [classpath [META-INF/resources/webjars/]]
11-12-2023 19:26:46.056 24835 [http-nio-81-exec-1] DEBUG o.s.web.servlet.DispatcherServlet - Completed 200 OK
11-12-2023 19:26:46.489 25268 [http-nio-81-exec-2] DEBUG o.s.web.servlet.DispatcherServlet - GET "/api-docs/swagger-config", parameters={}
11-12-2023 19:26:46.489 25268 [http-nio-81-exec-2] DEBUG o.s.w.s.m.m.a.RequestMappingHandlerMapping - Mapped to org.springdoc.webmvc.ui.SwaggerConfigResource#openapiJson(HttpServletRequest)
11-12-2023 19:26:46.499 25278 [http-nio-81-exec-2] DEBUG o.s.w.s.m.m.a.RequestResponseBodyMethodProcessor - Using 'application/json', given [*/*] and supported [application/json]
11-12-2023 19:26:46.500 25279 [http-nio-81-exec-2] DEBUG o.s.w.s.m.m.a.RequestResponseBodyMethodProcessor - Writing [{configUrl=/api-docs/swagger-config, oauth2RedirectUrl=http://localhost:81/swagger-ui/oauth2-redirec (truncated)...]
11-12-2023 19:26:46.505 25284 [http-nio-81-exec-2] DEBUG o.s.web.servlet.DispatcherServlet - Completed 200 OK
11-12-2023 19:26:46.556 25335 [http-nio-81-exec-3] DEBUG o.s.web.servlet.DispatcherServlet - GET "/api-docs", parameters={}
11-12-2023 19:26:46.556 25335 [http-nio-81-exec-3] DEBUG o.s.w.s.m.m.a.RequestMappingHandlerMapping - Mapped to org.springdoc.webmvc.api.OpenApiWebMvcResource#openapiJson(HttpServletRequest, String, Locale)
11-12-2023 19:26:46.937 25716 [http-nio-81-exec-3] INFO  o.s.api.AbstractOpenApiResource - Init duration for springdoc-openapi is: 373 ms
11-12-2023 19:26:46.966 25745 [http-nio-81-exec-3] DEBUG o.s.w.s.m.m.a.RequestResponseBodyMethodProcessor - Using 'application/json', given [application/json, */*] and supported [application/json]
11-12-2023 19:26:46.970 25749 [http-nio-81-exec-3] DEBUG o.s.w.s.m.m.a.RequestResponseBodyMethodProcessor - Writing [{123, 34, 111, 112, 101, 110, 97, 112, 105, 34, 58, 34, 51, 46, 48, 46, 49, 34, 44, 34, 105, 110, 10 (truncated)...]
11-12-2023 19:26:46.973 25752 [http-nio-81-exec-3] DEBUG o.s.web.servlet.DispatcherServlet - Completed 200 OK
11-12-2023 19:28:07.689 106468 [http-nio-81-exec-5] DEBUG o.s.web.servlet.DispatcherServlet - POST "/safetynet/api/v1.0/crud/medical-record/", parameters={}
11-12-2023 19:28:07.689 106468 [http-nio-81-exec-5] DEBUG o.s.w.s.m.m.a.RequestMappingHandlerMapping - Mapped to com.safety.controller.crud.MedicalRecordController#add(MedicalRecordDTO)
11-12-2023 19:28:07.710 106489 [http-nio-81-exec-5] DEBUG o.s.w.s.m.m.a.RequestResponseBodyMethodProcessor - Read "application/json;charset=UTF-8" to [MedicalRecordDTO(firstName=MBOUMDA, lastName=FRANK, medications=[Palu, Thiphoide], allergies=[Peau,  (truncated)...]
11-12-2023 19:28:07.712 106491 [http-nio-81-exec-5] INFO  c.s.c.crud.MedicalRecordController - -------PARAM: medicalRecordDTO = MedicalRecordDTO(firstName=MBOUMDA, lastName=FRANK, medications=[Palu, Thiphoide], allergies=[Peau, Ventre])
11-12-2023 19:28:07.712 106491 [http-nio-81-exec-5] INFO  c.s.s.i.MedicalRecordsServiceImpl - 


11-12-2023 19:28:07.712 106491 [http-nio-81-exec-5] INFO  c.s.s.i.MedicalRecordsServiceImpl - -------------------------DEBUT add-------------------------------
11-12-2023 19:28:07.713 106492 [http-nio-81-exec-5] INFO  c.s.s.i.MedicalRecordsServiceImpl - -------PARAM: medicalRecordDTO = MedicalRecordDTO(firstName=MBOUMDA, lastName=FRANK, medications=[Palu, Thiphoide], allergies=[Peau, Ventre])
11-12-2023 19:28:07.806 106585 [http-nio-81-exec-5] INFO  c.s.s.i.MedicalRecordsServiceImpl - -------message: Aucune personne trouvée avec: MBOUMDA FRANK
11-12-2023 19:28:07.807 106586 [http-nio-81-exec-5] INFO  c.s.s.i.MedicalRecordsServiceImpl - -------------------------FIN add-------------------------------


11-12-2023 19:28:07.807 106586 [http-nio-81-exec-5] DEBUG o.s.w.s.m.m.a.RequestResponseBodyMethodProcessor - Using 'application/json', given [application/json] and supported [text/plain, */*, application/json, application/*+json]
11-12-2023 19:28:07.808 106587 [http-nio-81-exec-5] DEBUG o.s.w.s.m.m.a.RequestResponseBodyMethodProcessor - Writing ["Aucune personne trouvée avec: MBOUMDA FRANK"]
11-12-2023 19:28:07.810 106589 [http-nio-81-exec-5] DEBUG o.s.web.servlet.DispatcherServlet - Completed 200 OK
11-12-2023 19:28:34.676 133455 [SpringApplicationShutdownHook] INFO  o.s.o.j.LocalContainerEntityManagerFactoryBean - Closing JPA EntityManagerFactory for persistence unit 'default'
11-12-2023 19:28:34.679 133458 [SpringApplicationShutdownHook] INFO  com.zaxxer.hikari.HikariDataSource - HikariPool-1 - Shutdown initiated...
11-12-2023 19:28:34.686 133465 [SpringApplicationShutdownHook] INFO  com.zaxxer.hikari.HikariDataSource - HikariPool-1 - Shutdown completed.
