20-11-2023 18:50:35.193 1512 [main] INFO  com.safety.SafetyNet - Starting SafetyNet using Java 17.0.7 with PID 11548 (C:\Users\hp\Documents\workspace-spring-tool-suite-4-4.19.1.RELEASE\SafetyNet\target\classes started by hp in C:\Users\hp\Documents\workspace-spring-tool-suite-4-4.19.1.RELEASE\SafetyNet)
20-11-2023 18:50:35.202 1521 [main] INFO  com.safety.SafetyNet - No active profile set, falling back to 1 default profile: "default"
20-11-2023 18:50:36.973 3292 [main] INFO  o.s.d.r.c.RepositoryConfigurationDelegate - Bootstrapping Spring Data JPA repositories in DEFAULT mode.
20-11-2023 18:50:37.143 3462 [main] INFO  o.s.d.r.c.RepositoryConfigurationDelegate - Finished Spring Data repository scanning in 146 ms. Found 6 JPA repository interfaces.
20-11-2023 18:50:38.529 4848 [main] INFO  o.s.b.w.e.tomcat.TomcatWebServer - Tomcat initialized with port(s): 81 (http)
20-11-2023 18:50:38.546 4865 [main] INFO  o.a.coyote.http11.Http11NioProtocol - Initializing ProtocolHandler ["http-nio-81"]
20-11-2023 18:50:38.552 4871 [main] INFO  o.a.catalina.core.StandardService - Starting service [Tomcat]
20-11-2023 18:50:38.554 4873 [main] INFO  o.a.catalina.core.StandardEngine - Starting Servlet engine: [Apache Tomcat/10.1.15]
20-11-2023 18:50:38.837 5156 [main] INFO  o.a.c.c.C.[Tomcat].[localhost].[/] - Initializing Spring embedded WebApplicationContext
20-11-2023 18:50:38.843 5162 [main] INFO  o.s.b.w.s.c.ServletWebServerApplicationContext - Root WebApplicationContext: initialization completed in 3494 ms
20-11-2023 18:50:39.233 5552 [main] INFO  o.h.jpa.internal.util.LogHelper - HHH000204: Processing PersistenceUnitInfo [name: default]
20-11-2023 18:50:39.365 5684 [main] INFO  org.hibernate.Version - HHH000412: Hibernate ORM core version 6.2.13.Final
20-11-2023 18:50:39.374 5693 [main] INFO  org.hibernate.cfg.Environment - HHH000406: Using bytecode reflection optimizer
20-11-2023 18:50:39.929 6248 [main] INFO  o.s.o.j.p.SpringPersistenceUnitInfo - No LoadTimeWeaver setup: ignoring JPA class transformer
20-11-2023 18:50:39.988 6307 [main] INFO  com.zaxxer.hikari.HikariDataSource - HikariPool-1 - Starting...
20-11-2023 18:50:41.012 7331 [main] INFO  com.zaxxer.hikari.pool.HikariPool - HikariPool-1 - Added connection com.mysql.cj.jdbc.ConnectionImpl@54496c2d
20-11-2023 18:50:41.017 7336 [main] INFO  com.zaxxer.hikari.HikariDataSource - HikariPool-1 - Start completed.
20-11-2023 18:50:41.145 7464 [main] WARN  org.hibernate.orm.deprecation - HHH90000025: MySQL57Dialect does not need to be specified explicitly using 'hibernate.dialect' (remove the property setting and it will be selected by default)
20-11-2023 18:50:41.149 7468 [main] WARN  org.hibernate.orm.deprecation - HHH90000026: MySQL57Dialect has been deprecated; use org.hibernate.dialect.MySQLDialect instead
20-11-2023 18:50:43.034 9353 [main] INFO  o.h.e.t.j.p.i.JtaPlatformInitiator - HHH000489: No JTA platform available (set 'hibernate.transaction.jta.platform' to enable JTA platform integration)
20-11-2023 18:50:43.240 9559 [main] INFO  o.s.o.j.LocalContainerEntityManagerFactoryBean - Initialized JPA EntityManagerFactory for persistence unit 'default'
20-11-2023 18:50:43.914 10233 [main] INFO  o.s.d.j.r.q.QueryEnhancerFactory - Hibernate is in classpath; If applicable, HQL parser will be used.
20-11-2023 18:50:44.845 11164 [main] WARN  o.s.b.a.o.j.JpaBaseConfiguration$JpaWebConfiguration - spring.jpa.open-in-view is enabled by default. Therefore, database queries may be performed during view rendering. Explicitly configure spring.jpa.open-in-view to disable this warning
20-11-2023 18:50:45.334 11653 [main] DEBUG o.s.w.s.m.m.a.RequestMappingHandlerAdapter - ControllerAdvice beans: 0 @ModelAttribute, 0 @InitBinder, 1 RequestBodyAdvice, 1 ResponseBodyAdvice
20-11-2023 18:50:45.530 11849 [main] DEBUG o.s.w.s.m.m.a.RequestMappingHandlerMapping - 16 mappings in 'requestMappingHandlerMapping'
20-11-2023 18:50:45.594 11913 [main] DEBUG o.s.w.s.h.SimpleUrlHandlerMapping - Patterns [/webjars/**, /**, /swagger-ui*/*swagger-initializer.js, /swagger-ui*/**] in 'resourceHandlerMapping'
20-11-2023 18:50:45.615 11934 [main] DEBUG o.s.w.s.m.m.a.ExceptionHandlerExceptionResolver - ControllerAdvice beans: 2 @ExceptionHandler, 1 ResponseBodyAdvice
20-11-2023 18:50:45.705 12024 [main] DEBUG o.s.w.s.m.m.a.ExceptionHandlerExceptionResolver - ControllerAdvice beans: 2 @ExceptionHandler, 0 ResponseBodyAdvice
20-11-2023 18:50:46.155 12474 [main] INFO  o.a.coyote.http11.Http11NioProtocol - Starting ProtocolHandler ["http-nio-81"]
20-11-2023 18:50:46.216 12535 [main] INFO  o.s.b.w.e.tomcat.TomcatWebServer - Tomcat started on port(s): 81 (http) with context path ''
20-11-2023 18:50:46.238 12557 [main] INFO  com.safety.SafetyNet - Started SafetyNet in 12.065 seconds (process running for 13.074)
